<?xml version="1.0" encoding="UTF-8"?>
<!-- Generated by org.testng.reporters.JUnitReportReporter -->
<testsuite skipped="0" hostname="BIJAN" name="com.vtiger.testScripts.CreateNewProductTest" tests="1" failures="0" timestamp="2021-03-15T18:54:16 IST" time="24.926" errors="0">
  <testcase name="createProduct" time="24.926" classname="com.vtiger.testScripts.CreateNewProductTest"/>
  <system-out/>
</testsuite> <!-- com.vtiger.testScripts.CreateNewProductTest -->
