<?xml version="1.0" encoding="UTF-8"?>
<!-- Generated by org.testng.reporters.JUnitReportReporter -->
<testsuite skipped="0" hostname="BIJAN" name="section3.practice1" tests="1" failures="0" timestamp="2021-03-20T01:26:41 IST" time="10.254" errors="0">
  <testcase name="filp" time="10.254" classname="section3.practice1"/>
  <system-out/>
</testsuite> <!-- section3.practice1 -->
