<?xml version="1.0" encoding="UTF-8"?>
<!-- Generated by org.testng.reporters.JUnitReportReporter -->
<testsuite hostname="BIJAN" failures="0" tests="2" name="com.vtiger.testScripts.ContactTest" time="113.249" errors="0" timestamp="2021-03-27T20:16:45 IST" skipped="0">
  <testcase classname="com.vtiger.testScripts.ContactTest" name="createNewContact" time="92.876"/>
  <system-out>
Contact created Successfully  </system-out>
  <testcase classname="com.vtiger.testScripts.ContactTest" name="deleteFirstContact" time="20.373"/>
  <system-out>
First Contact Deleted Successfully  </system-out>
</testsuite> <!-- com.vtiger.testScripts.ContactTest -->
