<?xml version="1.0" encoding="UTF-8"?>
<!-- Generated by org.testng.reporters.JUnitReportReporter -->
<testsuite hostname="BIJAN" failures="0" tests="2" name="com.vtiger.testScripts.ProductTest" time="44.810" errors="0" timestamp="2021-03-27T20:21:03 IST" skipped="0">
  <testcase classname="com.vtiger.testScripts.ProductTest" name="createNewProduct" time="24.251"/>
  <system-out>
Product created Successfully  </system-out>
  <testcase classname="com.vtiger.testScripts.ProductTest" name="deleteFirstProduct" time="20.559"/>
  <system-out>
First Product Deleted Successfully  </system-out>
</testsuite> <!-- com.vtiger.testScripts.ProductTest -->
