<?xml version="1.0" encoding="UTF-8"?>
<!-- Generated by org.testng.reporters.JUnitReportReporter -->
<testsuite skipped="0" hostname="BIJAN" name="com.vtiger.testScripts.QuoteTest" tests="1" failures="0" timestamp="2021-03-18T20:43:51 IST" time="36.965" errors="0">
  <testcase name="createNewQuote" time="36.965" classname="com.vtiger.testScripts.QuoteTest"/>
  <system-out>
Quotes Created Successfully  </system-out>
</testsuite> <!-- com.vtiger.testScripts.QuoteTest -->
