<?xml version="1.0" encoding="UTF-8"?>
<!-- Generated by org.testng.reporters.JUnitReportReporter -->
<testsuite skipped="0" hostname="BIJAN" name="com.vtiger.testScripts.CreateNewQuoteTest" tests="1" failures="0" timestamp="2021-03-16T00:09:08 IST" time="36.146" errors="0">
  <testcase name="createQuote" time="36.146" classname="com.vtiger.testScripts.CreateNewQuoteTest"/>
  <system-out/>
</testsuite> <!-- com.vtiger.testScripts.CreateNewQuoteTest -->
